TN:
SF:src/TwabController.sol
FN:39,TwabController.balanceOf
FN:43,TwabController.totalSupply
FN:47,TwabController.totalSupplyDelegateBalance
FN:51,TwabController.delegateOf
FN:55,TwabController.delegateBalanceOf
FN:59,TwabController.getAccount
FN:63,TwabController.getAccountDetails
FN:71,TwabController.getBalanceAt
FN:87,TwabController.getTotalSupplyAt
FN:97,TwabController.getAverageBalanceBetween
FN:115,TwabController.getAverageTotalSupplyBetween
FN:130,TwabController.getNewestTwab
FN:138,TwabController.getOldestTwab
FN:150,TwabController.twabMint
FN:159,TwabController.twabBurn
FN:168,TwabController.twabTransfer
FN:178,TwabController.delegate
FN:188,TwabController._transferBalance
FN:220,TwabController._transferDelegateBalanceRouter
FN:251,TwabController._transferDelegateBalance
FN:279,TwabController._mintBalance
FN:287,TwabController._mintDelegateBalance
FN:295,TwabController._burnBalance
FN:303,TwabController._burnDelegateBalance
FN:311,TwabController._delegate
FN:334,TwabController._increaseUserDelegateBalance
FN:358,TwabController._decreaseUserDelegateBalance
FN:387,TwabController._increaseTotalSupplyDelegateBalance
FN:409,TwabController._decreaseTotalSupplyDelegateBalance
FN:432,TwabController._increaseUserBalance
FN:445,TwabController._decreaseUserBalance
FN:465,TwabController._increaseTotalSupplyBalance
FN:477,TwabController._decreaseTotalSupplyBalance
FNDA:8,TwabController._decreaseUserDelegateBalance
FNDA:5,TwabController.getAverageBalanceBetween
FNDA:5,TwabController.twabBurn
FNDA:12,TwabController.delegateBalanceOf
FNDA:388,TwabController._transferBalance
FNDA:382,TwabController._mintDelegateBalance
FNDA:11,TwabController.getAccount
FNDA:382,TwabController.twabMint
FNDA:7,TwabController.delegateOf
FNDA:5,TwabController.getAverageTotalSupplyBetween
FNDA:2,TwabController.getOldestTwab
FNDA:5,TwabController._burnDelegateBalance
FNDA:385,TwabController._increaseUserDelegateBalance
FNDA:382,TwabController._increaseTotalSupplyDelegateBalance
FNDA:1,TwabController.twabTransfer
FNDA:382,TwabController._mintBalance
FNDA:383,TwabController._increaseUserBalance
FNDA:5,TwabController.getBalanceAt
FNDA:6,TwabController._decreaseUserBalance
FNDA:5,TwabController._decreaseTotalSupplyBalance
FNDA:5,TwabController._delegate
FNDA:5,TwabController.delegate
FNDA:382,TwabController._increaseTotalSupplyBalance
FNDA:388,TwabController._transferDelegateBalanceRouter
FNDA:14,TwabController.balanceOf
FNDA:7,TwabController.getTotalSupplyAt
FNDA:1,TwabController.getAccountDetails
FNDA:390,TwabController._transferDelegateBalance
FNDA:5,TwabController._burnBalance
FNDA:4,TwabController.totalSupplyDelegateBalance
FNDA:5,TwabController._decreaseTotalSupplyDelegateBalance
FNDA:5,TwabController.totalSupply
FNDA:5,TwabController.getNewestTwab
FNF:33
FNH:33
DA:40,14
DA:44,5
DA:48,4
DA:52,7
DA:56,12
DA:60,11
DA:68,1
DA:76,5
DA:78,5
DA:88,7
DA:103,5
DA:105,5
DA:120,5
DA:135,5
DA:143,2
DA:153,382
DA:154,382
DA:162,5
DA:163,5
DA:174,1
DA:175,1
DA:183,5
DA:194,388
DA:195,388
DA:200,388
DA:201,6
DA:204,6
DA:205,5
DA:210,388
DA:211,383
DA:214,383
DA:215,382
DA:226,388
DA:227,388
DA:230,388
DA:231,388
DA:232,6
DA:234,6
DA:235,6
DA:239,388
DA:240,388
DA:241,383
DA:243,383
DA:244,383
DA:248,388
DA:259,390
DA:260,8
DA:263,8
DA:264,5
DA:269,390
DA:270,385
DA:273,385
DA:274,382
DA:284,382
DA:292,382
DA:300,5
DA:308,5
DA:316,5
DA:317,5
DA:319,5
DA:320,1
DA:323,4
DA:325,4
DA:326,2
DA:329,2
DA:331,2
DA:339,385
DA:340,385
DA:343,385
DA:345,385
DA:349,385
DA:351,385
DA:353,385
DA:354,385
DA:363,8
DA:364,8
DA:367,8
DA:369,8
DA:373,8
DA:380,8
DA:382,8
DA:383,4
DA:388,382
DA:389,382
DA:392,382
DA:396,382
DA:402,382
DA:404,382
DA:405,382
DA:410,5
DA:411,5
DA:414,5
DA:418,5
DA:425,5
DA:427,5
DA:428,4
DA:437,383
DA:438,383
DA:440,383
DA:441,383
DA:442,383
DA:450,6
DA:451,6
DA:454,6
DA:456,6
DA:462,6
DA:466,382
DA:467,382
DA:470,382
DA:474,382
DA:478,5
DA:479,5
DA:482,5
DA:487,5
LF:114
LH:114
end_of_record
TN:
SF:src/libraries/ExtendedSafeCastLib.sol
FN:31,ExtendedSafeCastLib.toUint104
FN:46,ExtendedSafeCastLib.toUint208
FN:61,ExtendedSafeCastLib.toUint224
FN:76,ExtendedSafeCastLib.toUint192
FNDA:0,ExtendedSafeCastLib.toUint104
FNDA:0,ExtendedSafeCastLib.toUint192
FNDA:0,ExtendedSafeCastLib.toUint224
FNDA:0,ExtendedSafeCastLib.toUint208
FNF:4
FNH:0
DA:32,0
DA:33,0
DA:47,0
DA:48,0
DA:62,0
DA:63,0
DA:77,0
DA:78,0
LF:8
LH:0
end_of_record
TN:
SF:src/libraries/ObservationLib.sol
FN:49,ObservationLib.binarySearch
FNDA:0,ObservationLib.binarySearch
FNF:1
FNH:0
DA:57,0
DA:58,0
DA:61,0
DA:66,0
DA:68,0
DA:69,0
DA:72,0
DA:73,0
DA:74,0
DA:77,0
DA:79,0
DA:82,0
DA:83,0
DA:87,0
DA:88,0
DA:91,0
LF:16
LH:0
end_of_record
TN:
SF:src/libraries/OverflowSafeComparatorLib.sol
FN:15,OverflowSafeComparatorLib.lt
FN:31,OverflowSafeComparatorLib.lte
FN:47,OverflowSafeComparatorLib.checkedSub
FNDA:0,OverflowSafeComparatorLib.lte
FNDA:0,OverflowSafeComparatorLib.lt
FNDA:0,OverflowSafeComparatorLib.checkedSub
FNF:3
FNH:0
DA:17,0
DA:19,0
DA:20,0
DA:22,0
DA:33,0
DA:35,0
DA:36,0
DA:38,0
DA:50,0
DA:52,0
DA:53,0
DA:55,0
LF:12
LH:0
end_of_record
TN:
SF:src/libraries/RingBufferLib.sol
FN:15,RingBufferLib.wrap
FN:27,RingBufferLib.offset
FN:39,RingBufferLib.newestIndex
FN:51,RingBufferLib.nextIndex
FN:59,RingBufferLib.prevIndex
FNDA:0,RingBufferLib.newestIndex
FNDA:0,RingBufferLib.offset
FNDA:0,RingBufferLib.wrap
FNDA:0,RingBufferLib.nextIndex
FNDA:0,RingBufferLib.prevIndex
FNF:5
FNH:0
DA:16,0
DA:32,0
DA:40,0
DA:41,0
DA:44,0
DA:52,0
DA:60,0
LF:7
LH:0
end_of_record
TN:
SF:src/libraries/TwabLib.sol
FN:67,TwabLib.increaseBalance
FN:77,TwabLib.decreaseBalance
FN:97,TwabLib.increaseDelegateBalance
FN:124,TwabLib.decreaseDelegateBalance
FN:156,TwabLib.getAverageBalanceBetween
FN:174,TwabLib.oldestTwab
FN:193,TwabLib.newestTwab
FN:206,TwabLib.getBalanceAt
FN:220,TwabLib._getAverageBalanceBetween
FN:274,TwabLib._getBalanceAt
FN:334,TwabLib._calculateTwab
FN:397,TwabLib._computeNextTwab
FN:420,TwabLib._nextTwab
FN:478,TwabLib.push
FNDA:781,TwabLib._computeNextTwab
FNDA:12,TwabLib._getBalanceAt
FNDA:773,TwabLib.push
FNDA:765,TwabLib.increaseBalance
FNDA:767,TwabLib.increaseDelegateBalance
FNDA:780,TwabLib._nextTwab
FNDA:12,TwabLib.getBalanceAt
FNDA:10,TwabLib._getAverageBalanceBetween
FNDA:20,TwabLib._calculateTwab
FNDA:15,TwabLib.oldestTwab
FNDA:10,TwabLib.getAverageBalanceBetween
FNDA:13,TwabLib.decreaseDelegateBalance
FNDA:11,TwabLib.decreaseBalance
FNDA:807,TwabLib.newestTwab
FNF:14
FNH:14
DA:72,765
DA:73,765
DA:74,765
DA:82,11
DA:83,11
DA:85,11
DA:87,11
DA:109,767
DA:110,767
DA:111,767
DA:137,13
DA:138,13
DA:139,13
DA:141,13
DA:163,10
DA:165,10
DA:178,15
DA:179,15
DA:182,15
DA:183,14
DA:184,14
DA:197,807
DA:198,807
DA:212,12
DA:213,12
DA:227,10
DA:232,10
DA:237,10
DA:248,10
DA:260,10
DA:280,12
DA:281,12
DA:282,12
DA:283,12
DA:286,12
DA:287,9
DA:290,3
DA:292,3
DA:295,3
DA:296,0
DA:300,3
DA:312,3
DA:345,20
DA:346,6
DA:349,14
DA:350,4
DA:353,10
DA:354,0
DA:355,0
DA:359,10
DA:360,10
DA:364,0
DA:367,0
DA:377,0
DA:386,0
DA:403,781
DA:432,780
DA:437,780
DA:445,780
DA:446,5
DA:449,775
DA:455,775
DA:457,775
DA:465,773
DA:466,773
DA:468,2
DA:469,2
DA:472,775
DA:483,773
DA:492,773
DA:493,771
DA:496,773
LF:72
LH:65
end_of_record
