TN:
SF:src/TwabController.sol
FN:158,TwabController.getAccount
FN:168,TwabController.getTotalSupplyAccount
FN:178,TwabController.balanceOf
FN:187,TwabController.totalSupply
FN:199,TwabController.totalSupplyDelegateBalance
FN:209,TwabController.delegateOf
FN:220,TwabController.delegateBalanceOf
FN:231,TwabController.getBalanceAt
FN:246,TwabController.getTotalSupplyAt
FN:260,TwabController.getTwabBetween
FN:285,TwabController.getTotalSupplyTwabBetween
FN:308,TwabController.getNewestObservation
FN:323,TwabController.getOldestObservation
FN:337,TwabController.getNewestTotalSupplyObservation
FN:350,TwabController.getOldestTotalSupplyObservation
FN:362,TwabController.getTimestampPeriod
FN:375,TwabController.isTimeSafe
FN:391,TwabController.isTimeRangeSafe
FN:417,TwabController.isTotalSupplyTimeSafe
FN:432,TwabController.isTotalSupplyTimeRangeSafe
FN:459,TwabController.mint
FN:471,TwabController.burn
FN:483,TwabController.transfer
FN:493,TwabController.delegate
FN:502,TwabController.sponsor
FN:517,TwabController._transferBalance
FN:592,TwabController._delegateOf
FN:614,TwabController._transferDelegateBalance
FN:650,TwabController._delegate
FN:675,TwabController._increaseBalances
FN:711,TwabController._decreaseBalances
FN:754,TwabController._decreaseTotalSupplyBalances
FN:795,TwabController._increaseTotalSupplyBalances
FNDA:9,TwabController._decreaseTotalSupplyBalances
FNDA:5,TwabController.delegateOf
FNDA:5,TwabController.burn
FNDA:10,TwabController.getTotalSupplyTwabBetween
FNDA:16,TwabController.getTwabBetween
FNDA:18,TwabController._decreaseBalances
FNDA:787,TwabController._increaseTotalSupplyBalances
FNDA:6,TwabController.delegate
FNDA:1,TwabController.getTotalSupplyAccount
FNDA:4,TwabController.transfer
FNDA:9,TwabController.totalSupplyDelegateBalance
FNDA:1603,TwabController._delegateOf
FNDA:19,TwabController.getBalanceAt
FNDA:9,TwabController._transferDelegateBalance
FNDA:1,TwabController.isTotalSupplyTimeRangeSafe
FNDA:3,TwabController.getOldestObservation
FNDA:4,TwabController.getTimestampPeriod
FNDA:1,TwabController.getOldestTotalSupplyObservation
FNDA:58,TwabController.delegateBalanceOf
FNDA:10,TwabController._delegate
FNDA:795,TwabController._increaseBalances
FNDA:8,TwabController.isTimeSafe
FNDA:4,TwabController.sponsor
FNDA:785,TwabController.mint
FNDA:5,TwabController.getNewestObservation
FNDA:37,TwabController.getAccount
FNDA:8,TwabController.isTotalSupplyTimeSafe
FNDA:58,TwabController.balanceOf
FNDA:794,TwabController._transferBalance
FNDA:5,TwabController.isTimeRangeSafe
FNDA:10,TwabController.totalSupply
FNDA:7,TwabController.getTotalSupplyAt
FNDA:3,TwabController.getNewestTotalSupplyObservation
FNF:33
FNH:33
DA:159,37
DA:169,1
DA:179,58
DA:188,10
DA:200,9
DA:210,5
DA:221,58
DA:236,19
DA:237,19
DA:247,7
DA:248,7
DA:266,16
DA:267,16
DA:290,10
DA:291,10
DA:312,5
DA:313,5
DA:327,3
DA:328,3
DA:340,3
DA:341,3
DA:353,1
DA:354,1
DA:363,4
DA:376,8
DA:377,8
DA:397,5
DA:398,5
DA:418,8
DA:419,8
DA:437,1
DA:438,1
DA:460,785
DA:472,5
DA:484,4
DA:494,6
DA:503,4
DA:518,794
DA:519,794
DA:523,794
DA:524,794
DA:525,794
DA:526,9
DA:528,9
DA:532,9
DA:533,1
DA:540,9
DA:544,5
DA:556,794
DA:557,789
DA:560,789
DA:563,789
DA:564,1
DA:571,789
DA:574,786
DA:593,1603
DA:595,1603
DA:596,813
DA:599,813
DA:600,804
DA:604,1603
DA:621,9
DA:622,8
DA:626,8
DA:627,4
DA:632,9
DA:633,5
DA:637,5
DA:638,1
DA:651,10
DA:652,10
DA:653,1
DA:656,9
DA:658,9
DA:665,9
DA:681,795
DA:683,795
DA:687,795
DA:690,795
DA:693,795
DA:694,793
DA:717,18
DA:719,18
DA:723,18
DA:733,18
DA:736,18
DA:737,15
DA:759,9
DA:761,9
DA:765,9
DA:775,9
DA:778,9
DA:779,8
DA:800,787
DA:802,787
DA:806,787
DA:809,787
DA:812,787
DA:813,786
LF:99
LH:99
end_of_record
TN:
SF:src/libraries/ObservationLib.sol
FN:55,ObservationLib.binarySearch
FNDA:11,ObservationLib.binarySearch
FNF:1
FNH:1
DA:63,11
DA:64,11
DA:67,11
DA:72,15
DA:74,15
DA:75,15
DA:78,15
DA:79,1
DA:80,1
DA:83,14
DA:85,14
DA:88,14
DA:89,11
DA:93,3
DA:94,2
DA:97,1
LF:16
LH:16
end_of_record
TN:
SF:src/libraries/OverflowSafeComparatorLib.sol
FN:15,OverflowSafeComparatorLib.lt
FN:31,OverflowSafeComparatorLib.lte
FN:47,OverflowSafeComparatorLib.checkedSub
FNDA:0,OverflowSafeComparatorLib.checkedSub
FNDA:0,OverflowSafeComparatorLib.lte
FNDA:0,OverflowSafeComparatorLib.lt
FNF:3
FNH:0
DA:17,0
DA:19,0
DA:20,0
DA:22,0
DA:33,0
DA:35,0
DA:36,0
DA:38,0
DA:50,0
DA:52,0
DA:53,0
DA:55,0
LF:12
LH:0
end_of_record
TN:
SF:src/libraries/TwabLib.sol
FN:74,TwabLib.increaseBalances
FN:143,TwabLib.decreaseBalances
FN:222,TwabLib.getOldestObservation
FN:243,TwabLib.getNewestObservation
FN:262,TwabLib.getBalanceAt
FN:287,TwabLib.getTwabBetween
FN:329,TwabLib._calculateTemporaryObservation
FN:351,TwabLib._getNextObservationIndex
FN:398,TwabLib._extrapolateFromBalance
FN:417,TwabLib.getTimestampPeriod
FN:434,TwabLib._getTimestampPeriod
FN:455,TwabLib.getPreviousOrAtObservation
FN:472,TwabLib._getPreviousOrAtObservation
FN:543,TwabLib.getNextOrNewestObservation
FN:560,TwabLib._getNextOrNewestObservation
FN:626,TwabLib._getSurroundingOrAtObservations
FN:662,TwabLib.isTimeSafe
FN:681,TwabLib._isTimeSafe
FN:742,TwabLib.isTimeRangeSafe
FNDA:2815,TwabLib._extrapolateFromBalance
FNDA:19599,TwabLib._isTimeSafe
FNDA:42,TwabLib.getTwabBetween
FNDA:2762,TwabLib._getNextObservationIndex
FNDA:6,TwabLib.isTimeRangeSafe
FNDA:16,TwabLib.getTimestampPeriod
FNDA:53,TwabLib._calculateTemporaryObservation
FNDA:44712,TwabLib._getTimestampPeriod
FNDA:37,TwabLib.getBalanceAt
FNDA:72,TwabLib._getNextOrNewestObservation
FNDA:16,TwabLib.getNextOrNewestObservation
FNDA:3114,TwabLib.getNewestObservation
FNDA:23,TwabLib.getPreviousOrAtObservation
FNDA:19588,TwabLib.isTimeSafe
FNDA:2731,TwabLib.increaseBalances
FNDA:185,TwabLib.getOldestObservation
FNDA:56,TwabLib._getSurroundingOrAtObservations
FNDA:43,TwabLib.decreaseBalances
FNDA:200,TwabLib._getPreviousOrAtObservation
FNF:19
FNH:19
DA:84,2731
DA:85,2731
DA:86,2731
DA:87,2731
DA:88,2731
DA:90,2731
DA:91,2731
DA:94,2731
DA:95,2726
DA:102,2726
DA:104,2689
DA:113,2689
DA:114,2682
DA:118,2726
DA:125,2726
DA:129,2731
DA:154,43
DA:156,43
DA:157,1
DA:159,42
DA:160,1
DA:167,41
DA:168,41
DA:169,41
DA:170,41
DA:173,41
DA:174,41
DA:178,41
DA:179,36
DA:186,36
DA:188,20
DA:197,20
DA:198,20
DA:202,36
DA:209,36
DA:212,41
DA:227,185
DA:228,167
DA:229,167
DA:231,18
DA:232,18
DA:247,3114
DA:250,3114
DA:268,37
DA:274,37
DA:294,42
DA:301,42
DA:308,42
DA:309,23
DA:312,42
DA:313,30
DA:317,42
DA:333,53
DA:361,2762
DA:362,2762
DA:363,2762
DA:366,2762
DA:367,23
DA:370,2739
DA:371,2739
DA:380,2739
DA:381,2709
DA:389,30
DA:403,2815
DA:422,16
DA:439,44712
DA:440,221
DA:444,44491
DA:461,23
DA:478,200
DA:480,200
DA:481,200
DA:484,200
DA:485,7
DA:490,193
DA:491,193
DA:492,69
DA:496,124
DA:497,18
DA:498,0
DA:500,18
DA:510,106
DA:511,106
DA:512,10
DA:516,96
DA:518,96
DA:528,96
DA:529,5
DA:532,91
DA:549,16
DA:566,72
DA:568,72
DA:571,72
DA:572,1
DA:577,71
DA:581,71
DA:582,7
DA:586,64
DA:587,2
DA:592,62
DA:595,62
DA:596,62
DA:597,3
DA:600,59
DA:602,59
DA:611,59
DA:612,0
DA:615,59
DA:639,56
DA:645,56
DA:669,19588
DA:689,19599
DA:690,8
DA:693,19591
DA:695,19591
DA:696,19515
DA:701,76
DA:702,76
DA:704,76
DA:706,76
DA:707,20
DA:710,56
DA:717,56
DA:722,56
DA:729,56
DA:750,6
LF:126
LH:124
end_of_record
